Hello, this is a ULS job training
The starting time is Mon May 27 18:55:24 CEST 2024
This version is without augmentatation and from a 901 checkpoint
Training on 3D
Using device: cuda:0
Traceback (most recent call last):
  File "/home/ljulius/miniconda3/envs/uls/bin/nnUNetv2_train", line 8, in <module>
    sys.exit(run_training_entry())
  File "/gpfs/home4/ljulius/algorithm/nnunet/nnunetv2/run/run_training.py", line 268, in run_training_entry
    run_training(args.dataset_name_or_id, args.configuration, args.fold, args.tr, args.p, args.pretrained_weights,
  File "/gpfs/home4/ljulius/algorithm/nnunet/nnunetv2/run/run_training.py", line 189, in run_training
    nnunet_trainer = get_trainer_from_args(dataset_name_or_id, configuration, fold, trainer_class_name,
  File "/gpfs/home4/ljulius/algorithm/nnunet/nnunetv2/run/run_training.py", line 65, in get_trainer_from_args
    nnunet_trainer = nnunet_trainer(plans=plans, configuration=configuration, fold=fold,
  File "/gpfs/home4/ljulius/algorithm/nnunet/nnunetv2/training/nnUNetTrainer/customTrainersULS.py", line 63, in __init__
    super().__init__(plans, configuration, fold, dataset_json, unpack_dataset, device)
  File "/gpfs/home4/ljulius/algorithm/nnunet/nnunetv2/training/nnUNetTrainer/nnUNetTrainer.py", line 113, in __init__
    self.configuration_manager = self.plans_manager.get_configuration(configuration)
  File "/gpfs/home4/ljulius/algorithm/nnunet/nnunetv2/utilities/plans_handling/plans_handler.py", line 224, in get_configuration
    raise RuntimeError(f"Requested configuration {configuration_name} not found in plans. "
RuntimeError: Requested configuration 3d not found in plans. Available configurations: ['2d', '3d_fullres']
Done at Mon May 27 18:55:24 CEST 2024

JOB STATISTICS
==============
Job ID: 6402904
Cluster: snellius
User/Group: ljulius/ljulius
State: RUNNING
Nodes: 1
Cores per node: 18
CPU Utilized: 00:00:00
CPU Efficiency: 0.00% of 00:03:54 core-walltime
Job Wall-clock time: 00:00:13
Memory Utilized: 0.00 MB (estimated maximum)
Memory Efficiency: 0.00% of 20.00 GB (20.00 GB/node)
WARNING: Efficiency statistics may be misleading for RUNNING jobs.
