Hello, this is a ULS job training
The starting time is Tue May 28 19:43:21 CEST 2024
This version is trained on nnUNet_preprocessed
Training on 2d
/home/ljulius/miniconda3/envs/uls/lib/python3.9/site-packages/albumentations/core/transforms_interface.py:121: UserWarning: CoarseDropout could work incorrectly in ReplayMode for other input data because its' params depend on targets.
  warn(
Traceback (most recent call last):
  File "/home/ljulius/miniconda3/envs/uls/bin/nnUNetv2_train", line 8, in <module>
    sys.exit(run_training_entry())
  File "/gpfs/home4/ljulius/algorithm/nnunet/nnunetv2/run/run_training.py", line 268, in run_training_entry
    run_training(args.dataset_name_or_id, args.configuration, args.fold, args.tr, args.p, args.pretrained_weights,
  File "/gpfs/home4/ljulius/algorithm/nnunet/nnunetv2/run/run_training.py", line 189, in run_training
    nnunet_trainer = get_trainer_from_args(dataset_name_or_id, configuration, fold, trainer_class_name,
  File "/gpfs/home4/ljulius/algorithm/nnunet/nnunetv2/run/run_training.py", line 63, in get_trainer_from_args
    plans = load_json(plans_file)
  File "/home/ljulius/miniconda3/envs/uls/lib/python3.9/site-packages/batchgenerators/utilities/file_and_folder_operations.py", line 68, in load_json
    with open(file, 'r') as f:
FileNotFoundError: [Errno 2] No such file or directory: '/scratch-local/ljulius.6419384/nnUNet_preprocessed/Dataset501_RadboudumcBone/nnUNetPlans.json'
Done at Tue May 28 19:43:21 CEST 2024

JOB STATISTICS
==============
Job ID: 6419384
Cluster: snellius
User/Group: ljulius/ljulius
State: RUNNING
Nodes: 1
Cores per node: 18
CPU Utilized: 00:00:00
CPU Efficiency: 0.00% of 00:44:24 core-walltime
Job Wall-clock time: 00:02:28
Memory Utilized: 0.00 MB (estimated maximum)
Memory Efficiency: 0.00% of 20.00 GB (20.00 GB/node)
WARNING: Efficiency statistics may be misleading for RUNNING jobs.
